TpadRTC_1.0/proguard/seeds.txt
android.support.v4.view.ViewPager$LayoutParams
android.support.v4.view.ViewPager$LayoutParams: ViewPager$LayoutParams(android.content.Context,android.util.AttributeSet)
android.support.v4.view.ViewPager$SavedState
android.support.v4.view.ViewPager$SavedState: android.os.Parcelable$Creator CREATOR
android.support.v4.widget.DrawerLayout
android.support.v4.widget.DrawerLayout: DrawerLayout(android.content.Context,android.util.AttributeSet)
android.support.v4.widget.DrawerLayout: DrawerLayout(android.content.Context,android.util.AttributeSet,int)
android.support.v4.widget.DrawerLayout$LayoutParams
android.support.v4.widget.DrawerLayout$LayoutParams: DrawerLayout$LayoutParams(android.content.Context,android.util.AttributeSet)
android.support.v4.widget.DrawerLayout$SavedState
android.support.v4.widget.DrawerLayout$SavedState: android.os.Parcelable$Creator CREATOR
android.support.v4.widget.SlidingPaneLayout
android.support.v4.widget.SlidingPaneLayout: SlidingPaneLayout(android.content.Context,android.util.AttributeSet)
android.support.v4.widget.SlidingPaneLayout: SlidingPaneLayout(android.content.Context,android.util.AttributeSet,int)
android.support.v4.widget.SlidingPaneLayout$LayoutParams
android.support.v4.widget.SlidingPaneLayout$LayoutParams: SlidingPaneLayout$LayoutParams(android.content.Context,android.util.AttributeSet)
android.support.v4.widget.SlidingPaneLayout$SavedState
android.support.v4.widget.SlidingPaneLayout$SavedState: android.os.Parcelable$Creator CREATOR
com.github.nkzawa.engineio.client.Socket$ReadyState: com.github.nkzawa.engineio.client.Socket$ReadyState[] values()
com.github.nkzawa.engineio.client.Socket$ReadyState: com.github.nkzawa.engineio.client.Socket$ReadyState valueOf(java.lang.String)
com.github.nkzawa.engineio.client.Transport$ReadyState: com.github.nkzawa.engineio.client.Transport$ReadyState[] values()
com.github.nkzawa.engineio.client.Transport$ReadyState: com.github.nkzawa.engineio.client.Transport$ReadyState valueOf(java.lang.String)
com.github.nkzawa.socketio.client.Manager$ReadyState: com.github.nkzawa.socketio.client.Manager$ReadyState[] values()
com.github.nkzawa.socketio.client.Manager$ReadyState: com.github.nkzawa.socketio.client.Manager$ReadyState valueOf(java.lang.String)
com.hik.audiocodec.AudioCodec
com.hik.audiocodec.AudioCodec: int CloseAudioDecoder(int)
com.hik.audiocodec.AudioCodec: int CloseAudioEncoder(int)
com.hik.audiocodec.AudioCodec: int DecodeAudioData(int,byte[],int,byte[])
com.hik.audiocodec.AudioCodec: int EncodeAudioData(int,byte[],int,byte[])
com.hik.audiocodec.AudioCodec: int OpenAudioDecoder(int)
com.hik.audiocodec.AudioCodec: int OpenAudioEncoder(int)
com.hik.streamconvert.StreamConvert
com.hik.streamconvert.StreamConvert: int Create(byte[],int,int)
com.hik.streamconvert.StreamConvert: boolean InputData(int,int,byte[],int)
com.hik.streamconvert.StreamConvert: boolean ManualSwitch(int,java.lang.String)
com.hik.streamconvert.StreamConvert: boolean Release(int)
com.hik.streamconvert.StreamConvert: boolean Start(int,java.lang.String,java.lang.String)
com.hik.streamconvert.StreamConvert: boolean Stop(int)