TpadRTC_1.0/proguard/mapping.txt
android.support.v4.view.accessibility.AccessibilityNodeProviderCompat$AccessibilityNodeProviderStubImpl -> android.support.v4.view.a.j:
    java.lang.Object newAccessibilityNodeProviderBridge(android.support.v4.view.accessibility.AccessibilityNodeProviderCompat) -> a
android.support.v4.view.accessibility.AccessibilityNodeProviderCompatJellyBean -> android.support.v4.view.a.k:
android.support.v4.view.accessibility.AccessibilityNodeProviderCompatJellyBean$1 -> android.support.v4.view.a.l:
    android.support.v4.view.accessibility.AccessibilityNodeProviderCompatJellyBean$AccessibilityNodeInfoBridge val$bridge -> a
    android.view.accessibility.AccessibilityNodeInfo createAccessibilityNodeInfo(int) -> createAccessibilityNodeInfo
    java.util.List findAccessibilityNodeInfosByText(java.lang.String,int) -> findAccessibilityNodeInfosByText
    boolean performAction(int,int,android.os.Bundle) -> performAction
android.support.v4.view.accessibility.AccessibilityNodeProviderCompatJellyBean$AccessibilityNodeInfoBridge -> android.support.v4.view.a.m:
    java.lang.Object createAccessibilityNodeInfo$54cf32c4() -> c
    boolean performAction$5985f823() -> a
    java.util.List findAccessibilityNodeInfosByText$2393931d() -> b
android.support.v4.widget.DrawerLayout -> android.support.v4.widget.DrawerLayout:
    int[] LAYOUT_ATTRS -> a
    int mMinDrawerMargin -> b
    int mScrimColor -> c
    float mScrimOpacity -> d
    android.graphics.Paint mScrimPaint -> e
    android.support.v4.widget.ViewDragHelper mLeftDragger -> f
    android.support.v4.widget.ViewDragHelper mRightDragger -> g
    android.support.v4.widget.DrawerLayout$ViewDragCallback mLeftCallback -> h
    android.support.v4.widget.DrawerLayout$ViewDragCallback mRightCallback -> i
    int mDrawerState -> j
    boolean mInLayout -> k
    boolean mFirstLayout -> l
    int mLockModeLeft -> m
    int mLockModeRight -> n
    boolean mDisallowInterceptRequested -> o
    boolean mChildrenCanceledTouch -> p
    android.support.v4.widget.DrawerLayout$DrawerListener mListener -> q
    float mInitialMotionX -> r
    float mInitialMotionY -> s
    android.graphics.drawable.Drawable mShadowLeft -> t
    android.graphics.drawable.Drawable mShadowRight -> u
    void setDrawerLockMode(int,int) -> a
    int getDrawerLockMode(android.view.View) -> a
    void updateDrawerState$5cdeb3e3(int,android.view.View) -> a
    void setDrawerViewOffset(android.view.View,float) -> a
    float getDrawerViewOffset(android.view.View) -> b
    int getDrawerViewGravity(android.view.View) -> e
    boolean checkDrawerViewGravity(android.view.View,int) -> a
    android.view.View findDrawerWithGravity(int) -> a
    void onDetachedFromWindow() -> onDetachedFromWindow
android.support.v4.widget.DrawerLayout$DrawerListener -> android.support.v4.widget.a:
android.support.v4.widget.DrawerLayout$LayoutParams -> android.support.v4.widget.DrawerLayout$LayoutParams:
    int gravity -> a
    float onScreen -> b
    boolean isPeeking -> c
    boolean knownOpen -> d
android.support.v4.widget.DrawerLayout$SavedState -> android.support.v4.widget.DrawerLayout$SavedState:
    int openDrawerGravity -> a
    int lockModeLeft -> b
    int lockModeRight -> c
    android.os.Parcelable$Creator CREATOR -> CREATOR
    void writeToParcel(android.os.Parcel,int) -> writeToParcel
android.support.v4.widget.DrawerLayout$SavedState$1 -> android.support.v4.widget.b:
    java.lang.Object[] newArray(int) -> newArray
    java.lang.Object createFromParcel(android.os.Parcel) -> createFromParcel