TpadRTC_1.0/proguard/usage.txt
com.hikvision.netsdk.NET_DVR_IPPARACFG_V31
com.hikvision.netsdk.NET_DVR_JPEGPARA
com.hikvision.netsdk.NET_DVR_MOTION_V30:
    public byte byEnableHandleMotion
    public byte byMotionSensitive
com.hikvision.netsdk.NET_DVR_NETCFG_V30
com.hikvision.netsdk.NET_DVR_NTPPARA
com.hikvision.netsdk.NET_DVR_PLAYBACK_INFO
com.hikvision.netsdk.NET_DVR_POINT_FRAME
com.hikvision.netsdk.NET_DVR_PPPOECFG
com.hikvision.netsdk.NET_DVR_PTZCFG
com.hikvision.netsdk.NET_DVR_PTZ_PROTOCOL
com.hikvision.netsdk.NET_DVR_RECORDDAY
com.hikvision.netsdk.NET_DVR_RECORDSCHED
com.hikvision.netsdk.NET_DVR_RECORD_V30
com.hikvision.netsdk.NET_DVR_RESOLVE_DEVICEINFO
com.hikvision.netsdk.NET_DVR_SDKLOCAL_CFG
com.hikvision.netsdk.NET_DVR_SHELTER:
    public short wHideAreaHeight
    public short wHideAreaTopLeftX
    public short wHideAreaTopLeftY
    public short wHideAreaWidth
com.hikvision.netsdk.NET_DVR_TIME
com.hikvision.netsdk.NET_DVR_UPNP_NAT_STATE
com.hikvision.netsdk.NET_DVR_UPNP_PORT_STATE
com.hikvision.netsdk.NET_DVR_VIDEOEFFECT
com.hikvision.netsdk.NET_DVR_VILOST_V30:
    public byte byEnableHandleVILost
com.hikvision.netsdk.NET_DVR_WIFIETHERNET
com.hikvision.netsdk.NET_DVR_WIFI_CFG
com.hikvision.netsdk.NET_DVR_WIFI_CONNECT_STATUS
com.hikvision.netsdk.NET_DVR_WORKSTATE_V30
com.hikvision.netsdk.NET_DVR_ZEROCHANCFG
com.hikvision.netsdk.NET_IPC_AUX_ALARMCFG
com.hikvision.netsdk.NET_IPC_CALLHELP_ALARMCFG
com.hikvision.netsdk.NET_IPC_PIR_ALARMCFG
com.hikvision.netsdk.NET_IPC_SINGLE_AUX_ALARMCFG
com.hikvision.netsdk.NET_IPC_SINGLE_WIRELESS_ALARMCFG
com.hikvision.netsdk.PTZCommand
com.hikvision.netsdk.PTZCruiseCmd
com.hikvision.netsdk.PTZPresetCmd
com.hikvision.netsdk.PTZTrackCmd
com.hikvision.netsdk.PlaybackCallBack
com.hikvision.netsdk.PlaybackControlCommand
com.hikvision.netsdk.RealPlayCallBack:
    public abstract void fRealDataCallBack(int,int,byte[],int)
com.hikvision.netsdk.SDKError
com.hikvision.netsdk.SerialDataCallBack
com.hikvision.netsdk.VoiceDataCallBack:
    public abstract void fVoiceDataCallBack(int,byte[],int,int)
com.hikvision.netsdk.WEP
com.hikvision.netsdk.WPA_PSK
com.hikvision.netsdk.WPA_WPA2
com.j256.ormlite.android.AndroidCompiledStatement:
    53:53:public int getColumnCount()
    57:57:public java.lang.String getColumnName(int)
    69:78:public int runUpdate()
    101:105:public void closeQuietly()
    108:111:public void cancel()
    159:159:public void setQueryTimeout(long)
com.j256.ormlite.android.AndroidConnectionSource:
    37:40:public AndroidConnectionSource(android.database.sqlite.SQLiteOpenHelper)
    42:45:public AndroidConnectionSource(android.database.sqlite.SQLiteDatabase)
    102:103:public void closeQuietly()
    110:110:public boolean isOpen()
    117:118:public static void setDatabaseConnectionProxyFactory(com.j256.ormlite.support.DatabaseConnectionProxyFactory)
    121:121:public boolean isCancelQueriesEnabled()
    133:134:public void setCancelQueriesEnabled(boolean)
com.j256.ormlite.android.AndroidDatabaseConnection:
    private static final java.lang.String ANDROID_VERSION
    44:45:public AndroidDatabaseConnection(android.database.sqlite.SQLiteDatabase,boolean)
    55:55:public boolean isAutoCommitSupported()
    60:65:public boolean isAutoCommit()
    74:84:public void setAutoCommit(boolean)
    88:92:public java.sql.Savepoint setSavePoint(java.lang.String)
    100:100:public boolean isReadWrite()
    105:119:public void commit(java.sql.Savepoint)
    124:137:public void rollback(java.sql.Savepoint)
    140:140:public int executeStatement(java.lang.String,int)
    229:245:public long queryForLong(java.lang.String,java.lang.Object[],com.j256.ormlite.field.FieldType[])
    252:257:public void close()
    261:265:public void closeQuietly()
    269:273:public boolean isClosed()
    278:290:public boolean isTableExists(java.lang.String)
com.j256.ormlite.android.AndroidDatabaseConnection$OurSavePoint